<?xml version="1.0" encoding="UTF-8"?>
<testng-results skipped="0" failed="1" total="1" passed="0">
  <reporter-output>
  </reporter-output>
  <suite name="Default suite" duration-ms="10493" started-at="2016-05-19T05:23:07Z" finished-at="2016-05-19T05:23:18Z">
    <groups>
    </groups>
    <test name="Default test" duration-ms="10493" started-at="2016-05-19T05:23:07Z" finished-at="2016-05-19T05:23:18Z">
      <class name="testcases.TC_02_VerifyCheckOutDate">
        <test-method status="PASS" signature="beforeSuite()[pri:0, instance:testcases.TC_02_VerifyCheckOutDate@643faf]" name="beforeSuite" is-config="true" duration-ms="303" started-at="2016-05-19T10:53:07Z" finished-at="2016-05-19T10:53:07Z">
          <reporter-output>
          </reporter-output>
        </test-method> <!-- beforeSuite -->
        <test-method status="PASS" signature="beforeTest()[pri:0, instance:testcases.TC_02_VerifyCheckOutDate@643faf]" name="beforeTest" is-config="true" duration-ms="0" started-at="2016-05-19T10:53:07Z" finished-at="2016-05-19T10:53:07Z">
          <reporter-output>
          </reporter-output>
        </test-method> <!-- beforeTest -->
        <test-method status="PASS" signature="startTestCase()[pri:0, instance:testcases.TC_02_VerifyCheckOutDate@643faf]" name="startTestCase" is-config="true" duration-ms="0" started-at="2016-05-19T10:53:07Z" finished-at="2016-05-19T10:53:07Z">
          <reporter-output>
          </reporter-output>
        </test-method> <!-- startTestCase -->
        <test-method status="PASS" signature="beforeMethod()[pri:0, instance:testcases.TC_02_VerifyCheckOutDate@643faf]" name="beforeMethod" is-config="true" duration-ms="5682" started-at="2016-05-19T10:53:08Z" finished-at="2016-05-19T10:53:13Z">
          <reporter-output>
          </reporter-output>
        </test-method> <!-- beforeMethod -->
        <test-method status="FAIL" signature="verifyDate(java.lang.String, java.lang.String, java.lang.String, java.lang.String, java.lang.String, java.lang.String, java.lang.String, java.lang.String)[pri:0, instance:testcases.TC_02_VerifyCheckOutDate@643faf]" name="verifyDate" duration-ms="2588" started-at="2016-05-19T10:53:13Z" data-provider="fetchData" finished-at="2016-05-19T10:53:16Z">
          <params>
            <param index="0">
              <value>
                <![CDATA[home1234]]>
              </value>
            </param>
            <param index="1">
              <value>
                <![CDATA[root1234]]>
              </value>
            </param>
            <param index="2">
              <value>
                <![CDATA[Sydney]]>
              </value>
            </param>
            <param index="3">
              <value>
                <![CDATA[Hotel Greek]]>
              </value>
            </param>
            <param index="4">
              <value>
                <![CDATA[standard]]>
              </value>
            </param>
            <param index="5">
              <value is-null="true"/>
            </param>
            <param index="6">
              <value>
                <![CDATA[26/05/2016]]>
              </value>
            </param>
            <param index="7">
              <value>
                <![CDATA[24/05/2016]]>
              </value>
            </param>
          </params>
          <exception class="java.lang.RuntimeException">
            <message>
              <![CDATA[FAILED]]>
            </message>
            <full-stacktrace>
              <![CDATA[java.lang.RuntimeException: FAILED
	at utils.Reporter.reportStep(Reporter.java:34)
	at wrappers.GenericWrappers.clickByLink(GenericWrappers.java:519)
	at pages.SearchHotelPage.clickSearch(SearchHotelPage.java:8)
	at testcases.TC_02_VerifyCheckOutDate.verifyDate(TC_02_VerifyCheckOutDate.java:30)
	at sun.reflect.NativeMethodAccessorImpl.invoke0(Native Method)
	at sun.reflect.NativeMethodAccessorImpl.invoke(NativeMethodAccessorImpl.java:62)
	at sun.reflect.DelegatingMethodAccessorImpl.invoke(DelegatingMethodAccessorImpl.java:43)
	at java.lang.reflect.Method.invoke(Method.java:483)
	at org.testng.internal.MethodInvocationHelper.invokeMethod(MethodInvocationHelper.java:86)
	at org.testng.internal.Invoker.invokeMethod(Invoker.java:645)
	at org.testng.internal.Invoker.invokeTestMethod(Invoker.java:822)
	at org.testng.internal.Invoker.invokeTestMethods(Invoker.java:1130)
	at org.testng.internal.TestMethodWorker.invokeTestMethods(TestMethodWorker.java:129)
	at org.testng.internal.TestMethodWorker.run(TestMethodWorker.java:112)
	at org.testng.TestRunner.privateRun(TestRunner.java:782)
	at org.testng.TestRunner.run(TestRunner.java:632)
	at org.testng.SuiteRunner.runTest(SuiteRunner.java:366)
	at org.testng.SuiteRunner.runSequentially(SuiteRunner.java:361)
	at org.testng.SuiteRunner.privateRun(SuiteRunner.java:319)
	at org.testng.SuiteRunner.run(SuiteRunner.java:268)
	at org.testng.SuiteRunnerWorker.runSuite(SuiteRunnerWorker.java:52)
	at org.testng.SuiteRunnerWorker.run(SuiteRunnerWorker.java:86)
	at org.testng.TestNG.runSuitesSequentially(TestNG.java:1244)
	at org.testng.TestNG.runSuitesLocally(TestNG.java:1169)
	at org.testng.TestNG.run(TestNG.java:1064)
	at org.testng.remote.RemoteTestNG.run(RemoteTestNG.java:113)
	at org.testng.remote.RemoteTestNG.initAndRun(RemoteTestNG.java:206)
	at org.testng.remote.RemoteTestNG.main(RemoteTestNG.java:177)
]]>
            </full-stacktrace>
          </exception> <!-- java.lang.RuntimeException -->
          <reporter-output>
          </reporter-output>
        </test-method> <!-- verifyDate -->
        <test-method status="PASS" signature="afterMethod()[pri:0, instance:testcases.TC_02_VerifyCheckOutDate@643faf]" name="afterMethod" is-config="true" duration-ms="1620" started-at="2016-05-19T10:53:16Z" finished-at="2016-05-19T10:53:18Z">
          <reporter-output>
          </reporter-output>
        </test-method> <!-- afterMethod -->
        <test-method status="PASS" signature="afterTest()[pri:0, instance:testcases.TC_02_VerifyCheckOutDate@643faf]" name="afterTest" is-config="true" duration-ms="1" started-at="2016-05-19T10:53:18Z" finished-at="2016-05-19T10:53:18Z">
          <reporter-output>
          </reporter-output>
        </test-method> <!-- afterTest -->
        <test-method status="PASS" signature="afterSuite()[pri:0, instance:testcases.TC_02_VerifyCheckOutDate@643faf]" name="afterSuite" is-config="true" duration-ms="333" started-at="2016-05-19T10:53:18Z" finished-at="2016-05-19T10:53:18Z">
          <reporter-output>
          </reporter-output>
        </test-method> <!-- afterSuite -->
      </class> <!-- testcases.TC_02_VerifyCheckOutDate -->
    </test> <!-- Default test -->
  </suite> <!-- Default suite -->
</testng-results>
